<?xml version="1.0" encoding="UTF-8"?>
<!-- Generated by org.testng.reporters.JUnitReportReporter -->
<testsuite hostname="MMA" failures="0" tests="2" name="QA_Selenium.Batch8_TestNG.TestMethod" time="30.564" errors="0" timestamp="2023-12-08T14:27:29 EST" skipped="0">
  <testcase classname="QA_Selenium.Batch8_TestNG.TestMethod" name="Test1" time="14.980"/>
  <system-out/>
  <testcase classname="QA_Selenium.Batch8_TestNG.TestMethod" name="Test2" time="15.584"/>
  <system-out/>
</testsuite> <!-- QA_Selenium.Batch8_TestNG.TestMethod -->
