<?xml version="1.0" encoding="UTF-8"?>
<!-- Generated by org.testng.reporters.JUnitReportReporter -->
<testsuite hostname="MMA" failures="0" tests="1" name="QA_Selenium.Batch8_TestNG.HD_Assignment" time="13.050" errors="0" timestamp="2023-11-25T08:37:00 EST" skipped="0">
  <testcase classname="QA_Selenium.Batch8_TestNG.HD_Assignment" name="Home_Depot_Test" time="13.050"/>
  <system-out/>
</testsuite> <!-- QA_Selenium.Batch8_TestNG.HD_Assignment -->
