<?xml version="1.0" encoding="UTF-8"?>
<!-- Generated by org.testng.reporters.JUnitReportReporter -->
<testsuite hostname="MMA" failures="0" tests="2" name="QA_Selenium.Batch8_TestNG.NewTestDP" time="27.488" errors="0" timestamp="2023-12-03T10:02:25 EST" skipped="0">
  <testcase classname="QA_Selenium.Batch8_TestNG.NewTestDP" name="f" time="13.682"/>
  <system-out/>
  <testcase classname="QA_Selenium.Batch8_TestNG.NewTestDP" name="f" time="13.806"/>
  <system-out/>
</testsuite> <!-- QA_Selenium.Batch8_TestNG.NewTestDP -->
