<?xml version="1.0" encoding="UTF-8"?>
<!-- Generated by org.testng.reporters.JUnitReportReporter -->
<testsuite hostname="MMA" failures="0" tests="1" name="QA_Selenium.Batch8_TestNG.NewTest" time="1.711" errors="0" timestamp="2023-11-20T15:02:13 EST" skipped="0">
  <testcase classname="QA_Selenium.Batch8_TestNG.NewTest" name="MainTest" time="1.711"/>
  <system-out/>
</testsuite> <!-- QA_Selenium.Batch8_TestNG.NewTest -->
